

Started GET "/" for 127.0.0.1 at 2014-10-30 16:14:56 +0800

ActiveRecord::NoDatabaseError (Unknown database 'projectviolet_development'Run `$ bin/rake db:create db:migrate` to create your database):
  activerecord (4.1.6) lib/active_record/connection_adapters/mysql2_adapter.rb:23:in `rescue in mysql2_connection'
  activerecord (4.1.6) lib/active_record/connection_adapters/mysql2_adapter.rb:10:in `mysql2_connection'
  activerecord (4.1.6) lib/active_record/connection_adapters/abstract/connection_pool.rb:435:in `new_connection'
  activerecord (4.1.6) lib/active_record/connection_adapters/abstract/connection_pool.rb:445:in `checkout_new_connection'
  activerecord (4.1.6) lib/active_record/connection_adapters/abstract/connection_pool.rb:416:in `acquire_connection'
  activerecord (4.1.6) lib/active_record/connection_adapters/abstract/connection_pool.rb:351:in `block in checkout'
  /Users/ck/.rbenv/versions/2.1.3/lib/ruby/2.1.0/monitor.rb:211:in `mon_synchronize'
  activerecord (4.1.6) lib/active_record/connection_adapters/abstract/connection_pool.rb:350:in `checkout'
  activerecord (4.1.6) lib/active_record/connection_adapters/abstract/connection_pool.rb:265:in `block in connection'
  /Users/ck/.rbenv/versions/2.1.3/lib/ruby/2.1.0/monitor.rb:211:in `mon_synchronize'
  activerecord (4.1.6) lib/active_record/connection_adapters/abstract/connection_pool.rb:264:in `connection'
  activerecord (4.1.6) lib/active_record/connection_adapters/abstract/connection_pool.rb:541:in `retrieve_connection'
  activerecord (4.1.6) lib/active_record/connection_handling.rb:113:in `retrieve_connection'
  activerecord (4.1.6) lib/active_record/connection_handling.rb:87:in `connection'
  activerecord (4.1.6) lib/active_record/query_cache.rb:51:in `restore_query_cache_settings'
  activerecord (4.1.6) lib/active_record/query_cache.rb:43:in `rescue in call'
  activerecord (4.1.6) lib/active_record/query_cache.rb:32:in `call'
  activerecord (4.1.6) lib/active_record/connection_adapters/abstract/connection_pool.rb:621:in `call'
  activerecord (4.1.6) lib/active_record/migration.rb:380:in `call'
  actionpack (4.1.6) lib/action_dispatch/middleware/callbacks.rb:29:in `block in call'
  activesupport (4.1.6) lib/active_support/callbacks.rb:82:in `run_callbacks'
  actionpack (4.1.6) lib/action_dispatch/middleware/callbacks.rb:27:in `call'
  actionpack (4.1.6) lib/action_dispatch/middleware/reloader.rb:73:in `call'
  actionpack (4.1.6) lib/action_dispatch/middleware/remote_ip.rb:76:in `call'
  actionpack (4.1.6) lib/action_dispatch/middleware/debug_exceptions.rb:17:in `call'
  actionpack (4.1.6) lib/action_dispatch/middleware/show_exceptions.rb:30:in `call'
  railties (4.1.6) lib/rails/rack/logger.rb:38:in `call_app'
  railties (4.1.6) lib/rails/rack/logger.rb:20:in `block in call'
  activesupport (4.1.6) lib/active_support/tagged_logging.rb:68:in `block in tagged'
  activesupport (4.1.6) lib/active_support/tagged_logging.rb:26:in `tagged'
  activesupport (4.1.6) lib/active_support/tagged_logging.rb:68:in `tagged'
  railties (4.1.6) lib/rails/rack/logger.rb:20:in `call'
  actionpack (4.1.6) lib/action_dispatch/middleware/request_id.rb:21:in `call'
  rack (1.5.2) lib/rack/methodoverride.rb:21:in `call'
  rack (1.5.2) lib/rack/runtime.rb:17:in `call'
  activesupport (4.1.6) lib/active_support/cache/strategy/local_cache_middleware.rb:26:in `call'
  rack (1.5.2) lib/rack/lock.rb:17:in `call'
  actionpack (4.1.6) lib/action_dispatch/middleware/static.rb:64:in `call'
  rack (1.5.2) lib/rack/sendfile.rb:112:in `call'
  railties (4.1.6) lib/rails/engine.rb:514:in `call'
  railties (4.1.6) lib/rails/application.rb:144:in `call'
  rack (1.5.2) lib/rack/lock.rb:17:in `call'
  rack (1.5.2) lib/rack/content_length.rb:14:in `call'
  rack (1.5.2) lib/rack/handler/webrick.rb:60:in `service'
  /Users/ck/.rbenv/versions/2.1.3/lib/ruby/2.1.0/webrick/httpserver.rb:138:in `service'
  /Users/ck/.rbenv/versions/2.1.3/lib/ruby/2.1.0/webrick/httpserver.rb:94:in `run'
  /Users/ck/.rbenv/versions/2.1.3/lib/ruby/2.1.0/webrick/server.rb:295:in `block in start_thread'


  Rendered /Users/ck/.rbenv/versions/2.1.3/lib/ruby/gems/2.1.0/gems/actionpack-4.1.6/lib/action_dispatch/middleware/templates/rescues/_source.erb (4.2ms)
  Rendered /Users/ck/.rbenv/versions/2.1.3/lib/ruby/gems/2.1.0/gems/actionpack-4.1.6/lib/action_dispatch/middleware/templates/rescues/_trace.html.erb (1.7ms)
  Rendered /Users/ck/.rbenv/versions/2.1.3/lib/ruby/gems/2.1.0/gems/actionpack-4.1.6/lib/action_dispatch/middleware/templates/rescues/_request_and_response.html.erb (1.7ms)
  Rendered /Users/ck/.rbenv/versions/2.1.3/lib/ruby/gems/2.1.0/gems/actionpack-4.1.6/lib/action_dispatch/middleware/templates/rescues/diagnostics.erb within rescues/layout (45.7ms)
  [1m[36m (12.3ms)[0m  [1mCREATE DATABASE `projectViolet_development` DEFAULT CHARACTER SET `utf8` COLLATE `utf8_unicode_ci`[0m
  [1m[36m (353.0ms)[0m  [1mCREATE TABLE `schema_migrations` (`version` varchar(255) NOT NULL) ENGINE=InnoDB[0m
  [1m[35m (174.6ms)[0m  CREATE UNIQUE INDEX `unique_schema_migrations`  ON `schema_migrations` (`version`) 
  [1m[36mActiveRecord::SchemaMigration Load (30.6ms)[0m  [1mSELECT `schema_migrations`.* FROM `schema_migrations`[0m
  [1m[36mActiveRecord::SchemaMigration Load (0.5ms)[0m  [1mSELECT `schema_migrations`.* FROM `schema_migrations`[0m


Started GET "/" for 127.0.0.1 at 2014-10-30 16:17:50 +0800
Processing by Rails::WelcomeController#index as HTML
  Rendered /Users/ck/.rbenv/versions/2.1.3/lib/ruby/gems/2.1.0/gems/railties-4.1.6/lib/rails/templates/rails/welcome/index.html.erb (11.2ms)
Completed 200 OK in 44ms (Views: 24.6ms | ActiveRecord: 0.0ms)


Started GET "/" for 127.0.0.1 at 2014-10-30 16:31:39 +0800
Processing by Rails::WelcomeController#index as HTML
  Rendered /Users/ck/.rbenv/versions/2.1.3/lib/ruby/gems/2.1.0/gems/railties-4.1.6/lib/rails/templates/rails/welcome/index.html.erb (2.2ms)
Completed 200 OK in 48ms (Views: 12.9ms | ActiveRecord: 0.0ms)


Started GET "/" for 127.0.0.1 at 2014-11-21 17:14:58 +0800
Processing by Rails::WelcomeController#index as HTML
  Rendered /Users/ck/.rbenv/versions/2.1.3/lib/ruby/gems/2.1.0/gems/railties-4.1.6/lib/rails/templates/rails/welcome/index.html.erb (3.1ms)
Completed 200 OK in 28ms (Views: 13.7ms | ActiveRecord: 0.0ms)
  [1m[36m (0.4ms)[0m  [1mSELECT @@FOREIGN_KEY_CHECKS[0m
  [1m[35m (0.2ms)[0m  SET FOREIGN_KEY_CHECKS = 0
  [1m[36m (0.4ms)[0m  [1mSELECT DATABASE() as db[0m
  [1m[35m (47.2ms)[0m  select table_name from information_schema.views where table_schema = 'projectviolet_development'
  [1m[36m (0.1ms)[0m  [1mSET FOREIGN_KEY_CHECKS = 1[0m
  [1m[35m (0.1ms)[0m  SELECT @@FOREIGN_KEY_CHECKS
  [1m[36m (0.1ms)[0m  [1mSET FOREIGN_KEY_CHECKS = 0[0m
  [1m[35m (0.1ms)[0m  SET FOREIGN_KEY_CHECKS = 1
  [1m[36m (0.1ms)[0m  [1mSELECT @@FOREIGN_KEY_CHECKS[0m
  [1m[35m (0.1ms)[0m  SET FOREIGN_KEY_CHECKS = 0
  [1m[36m (0.1ms)[0m  [1mSET FOREIGN_KEY_CHECKS = 1[0m
  [1m[35m (0.1ms)[0m  SELECT @@FOREIGN_KEY_CHECKS
  [1m[36m (0.1ms)[0m  [1mSET FOREIGN_KEY_CHECKS = 0[0m
  [1m[35m (0.1ms)[0m  SET FOREIGN_KEY_CHECKS = 1
  [1m[36mActiveRecord::SchemaMigration Load (58.4ms)[0m  [1mSELECT `schema_migrations`.* FROM `schema_migrations`[0m
Migrating to CreateTasks (20141130061253)
  [1m[35m (116.6ms)[0m  CREATE TABLE `tasks` (`id` int(11) auto_increment PRIMARY KEY, `content` text, `created_at` datetime, `updated_at` datetime) ENGINE=InnoDB
  [1m[36m (0.2ms)[0m  [1mBEGIN[0m
  [1m[35mSQL (19.3ms)[0m  INSERT INTO `schema_migrations` (`version`) VALUES ('20141130061253')
  [1m[36m (15.3ms)[0m  [1mCOMMIT[0m
  [1m[35mActiveRecord::SchemaMigration Load (0.2ms)[0m  SELECT `schema_migrations`.* FROM `schema_migrations`


Started GET "/" for 127.0.0.1 at 2014-11-30 14:53:05 +0800
  [1m[36mActiveRecord::SchemaMigration Load (0.3ms)[0m  [1mSELECT `schema_migrations`.* FROM `schema_migrations`[0m
Processing by TasksController#index as HTML
  [1m[35mTask Load (0.3ms)[0m  SELECT `tasks`.* FROM `tasks`
  Rendered tasks/index.haml within layouts/application (40.7ms)
Completed 200 OK in 4764ms (Views: 4538.6ms | ActiveRecord: 0.3ms)


Started GET "/tasks/new" for 127.0.0.1 at 2014-11-30 14:53:10 +0800
Processing by TasksController#new as HTML
  Rendered tasks/_form.haml (75.0ms)
  Rendered tasks/new.haml within layouts/application (107.6ms)
Completed 200 OK in 231ms (Views: 195.8ms | ActiveRecord: 33.2ms)


Started POST "/tasks" for 127.0.0.1 at 2014-11-30 14:53:10 +0800
Processing by TasksController#create as HTML
  Parameters: {"utf8"=>"✓", "authenticity_token"=>"D6Jk9xQyt+Bfq2LB9ZTGBo2lIszAKb2UuL56YMLPXCE=", "task"=>{"content"=>"Some Task"}, "commit"=>"Create Task"}
  [1m[36m (0.2ms)[0m  [1mBEGIN[0m
  [1m[35mSQL (58.2ms)[0m  INSERT INTO `tasks` (`content`, `created_at`, `updated_at`) VALUES ('Some Task', '2014-11-30 06:53:10', '2014-11-30 06:53:10')
  [1m[36m (11.4ms)[0m  [1mCOMMIT[0m
Redirected to http://www.example.com/tasks
Completed 302 Found in 73ms (ActiveRecord: 69.7ms)


Started GET "/tasks" for 127.0.0.1 at 2014-11-30 14:53:11 +0800
Processing by TasksController#index as HTML
  [1m[35mTask Load (0.3ms)[0m  SELECT `tasks`.* FROM `tasks`
  Rendered tasks/index.haml within layouts/application (1.4ms)
Completed 200 OK in 83ms (Views: 82.2ms | ActiveRecord: 0.3ms)
  [1m[36m (14.3ms)[0m  [1mSELECT @@FOREIGN_KEY_CHECKS[0m
  [1m[35m (0.1ms)[0m  SET FOREIGN_KEY_CHECKS = 0
  [1m[36m (9.6ms)[0m  [1mSELECT DATABASE() as db[0m
  [1m[35m (19.2ms)[0m  select table_name from information_schema.views where table_schema = 'projectviolet_development'
  [1m[36m (112.5ms)[0m  [1mTRUNCATE TABLE `tasks`;[0m
  [1m[35m (0.1ms)[0m  SET FOREIGN_KEY_CHECKS = 1


Started GET "/" for 127.0.0.1 at 2014-11-30 14:53:11 +0800
Processing by TasksController#index as HTML
  [1m[36mTask Load (0.3ms)[0m  [1mSELECT `tasks`.* FROM `tasks`[0m
  Rendered tasks/index.haml within layouts/application (0.9ms)
Completed 200 OK in 90ms (Views: 89.8ms | ActiveRecord: 0.3ms)


Started GET "/tasks/new" for 127.0.0.1 at 2014-11-30 14:53:11 +0800
Processing by TasksController#new as HTML
  Rendered tasks/_form.haml (1.5ms)
  Rendered tasks/new.haml within layouts/application (2.4ms)
Completed 200 OK in 129ms (Views: 128.8ms | ActiveRecord: 0.0ms)


Started POST "/tasks" for 127.0.0.1 at 2014-11-30 14:53:11 +0800
Processing by TasksController#create as HTML
  Parameters: {"utf8"=>"✓", "authenticity_token"=>"CGHD6I97FyMyugWAda9LLfk8wtwt/NQt6XpTE5j0e8E=", "task"=>{"content"=>""}, "commit"=>"Create Task"}
  [1m[35m (0.1ms)[0m  BEGIN
  [1m[36m (0.1ms)[0m  [1mROLLBACK[0m
  Rendered tasks/_form.haml (2.4ms)
  Rendered tasks/new.haml within layouts/application (3.2ms)
Completed 200 OK in 80ms (Views: 77.7ms | ActiveRecord: 0.2ms)
  [1m[35m (0.2ms)[0m  SELECT @@FOREIGN_KEY_CHECKS
  [1m[36m (0.1ms)[0m  [1mSET FOREIGN_KEY_CHECKS = 0[0m
  [1m[35m (5.2ms)[0m  TRUNCATE TABLE `tasks`;
  [1m[36m (0.1ms)[0m  [1mSET FOREIGN_KEY_CHECKS = 1[0m


Started GET "/" for 127.0.0.1 at 2014-11-30 14:53:11 +0800
Processing by TasksController#index as HTML
  [1m[35mTask Load (0.3ms)[0m  SELECT `tasks`.* FROM `tasks`
  Rendered tasks/index.haml within layouts/application (1.0ms)
Completed 200 OK in 79ms (Views: 78.4ms | ActiveRecord: 0.3ms)


Started GET "/tasks/new" for 127.0.0.1 at 2014-11-30 14:53:11 +0800
Processing by TasksController#new as HTML
  Rendered tasks/_form.haml (1.6ms)
  Rendered tasks/new.haml within layouts/application (2.4ms)
Completed 200 OK in 85ms (Views: 84.2ms | ActiveRecord: 0.0ms)


Started GET "/tasks" for 127.0.0.1 at 2014-11-30 14:53:11 +0800
Processing by TasksController#index as HTML
  [1m[36mTask Load (0.3ms)[0m  [1mSELECT `tasks`.* FROM `tasks`[0m
  Rendered tasks/index.haml within layouts/application (0.9ms)
Completed 200 OK in 80ms (Views: 79.1ms | ActiveRecord: 0.3ms)
  [1m[35m (0.2ms)[0m  SELECT @@FOREIGN_KEY_CHECKS
  [1m[36m (0.2ms)[0m  [1mSET FOREIGN_KEY_CHECKS = 0[0m
  [1m[35m (4.3ms)[0m  TRUNCATE TABLE `tasks`;
  [1m[36m (0.1ms)[0m  [1mSET FOREIGN_KEY_CHECKS = 1[0m
  [1m[35m (0.1ms)[0m  BEGIN
  [1m[36mSQL (0.4ms)[0m  [1mINSERT INTO `tasks` (`content`, `created_at`, `updated_at`) VALUES ('Some Task', '2014-11-30 06:53:11', '2014-11-30 06:53:11')[0m
  [1m[35m (0.4ms)[0m  COMMIT


Started GET "/" for 127.0.0.1 at 2014-11-30 14:53:11 +0800
Processing by TasksController#index as HTML
  [1m[36mTask Load (0.3ms)[0m  [1mSELECT `tasks`.* FROM `tasks`[0m
  Rendered tasks/index.haml within layouts/application (1.3ms)
Completed 200 OK in 80ms (Views: 79.3ms | ActiveRecord: 0.3ms)


Started DELETE "/tasks/1" for 127.0.0.1 at 2014-11-30 14:53:11 +0800
Processing by TasksController#destroy as HTML
  Parameters: {"id"=>"1"}
Can't verify CSRF token authenticity
Completed 422 Unprocessable Entity in 1ms

ActionController::InvalidAuthenticityToken (ActionController::InvalidAuthenticityToken):
  actionpack (4.1.6) lib/action_controller/metal/request_forgery_protection.rb:176:in `handle_unverified_request'
  actionpack (4.1.6) lib/action_controller/metal/request_forgery_protection.rb:202:in `handle_unverified_request'
  actionpack (4.1.6) lib/action_controller/metal/request_forgery_protection.rb:197:in `verify_authenticity_token'
  activesupport (4.1.6) lib/active_support/callbacks.rb:424:in `block in make_lambda'
  activesupport (4.1.6) lib/active_support/callbacks.rb:160:in `call'
  activesupport (4.1.6) lib/active_support/callbacks.rb:160:in `block in halting'
  activesupport (4.1.6) lib/active_support/callbacks.rb:86:in `call'
  activesupport (4.1.6) lib/active_support/callbacks.rb:86:in `run_callbacks'
  actionpack (4.1.6) lib/abstract_controller/callbacks.rb:19:in `process_action'
  actionpack (4.1.6) lib/action_controller/metal/rescue.rb:29:in `process_action'
  actionpack (4.1.6) lib/action_controller/metal/instrumentation.rb:31:in `block in process_action'
  activesupport (4.1.6) lib/active_support/notifications.rb:159:in `block in instrument'
  activesupport (4.1.6) lib/active_support/notifications/instrumenter.rb:20:in `instrument'
  activesupport (4.1.6) lib/active_support/notifications.rb:159:in `instrument'
  actionpack (4.1.6) lib/action_controller/metal/instrumentation.rb:30:in `process_action'
  actionpack (4.1.6) lib/action_controller/metal/params_wrapper.rb:250:in `process_action'
  activerecord (4.1.6) lib/active_record/railties/controller_runtime.rb:18:in `process_action'
  actionpack (4.1.6) lib/abstract_controller/base.rb:136:in `process'
  actionview (4.1.6) lib/action_view/rendering.rb:30:in `process'
  actionpack (4.1.6) lib/action_controller/metal.rb:196:in `dispatch'
  actionpack (4.1.6) lib/action_controller/metal/rack_delegation.rb:13:in `dispatch'
  actionpack (4.1.6) lib/action_controller/metal.rb:232:in `block in action'
  actionpack (4.1.6) lib/action_dispatch/routing/route_set.rb:82:in `call'
  actionpack (4.1.6) lib/action_dispatch/routing/route_set.rb:82:in `dispatch'
  actionpack (4.1.6) lib/action_dispatch/routing/route_set.rb:50:in `call'
  actionpack (4.1.6) lib/action_dispatch/journey/router.rb:73:in `block in call'
  actionpack (4.1.6) lib/action_dispatch/journey/router.rb:59:in `each'
  actionpack (4.1.6) lib/action_dispatch/journey/router.rb:59:in `call'
  actionpack (4.1.6) lib/action_dispatch/routing/route_set.rb:678:in `call'
  rack (1.5.2) lib/rack/etag.rb:23:in `call'
  rack (1.5.2) lib/rack/conditionalget.rb:35:in `call'
  rack (1.5.2) lib/rack/head.rb:11:in `call'
  actionpack (4.1.6) lib/action_dispatch/middleware/params_parser.rb:27:in `call'
  actionpack (4.1.6) lib/action_dispatch/middleware/flash.rb:254:in `call'
  rack (1.5.2) lib/rack/session/abstract/id.rb:225:in `context'
  rack (1.5.2) lib/rack/session/abstract/id.rb:220:in `call'
  actionpack (4.1.6) lib/action_dispatch/middleware/cookies.rb:560:in `call'
  activerecord (4.1.6) lib/active_record/query_cache.rb:36:in `call'
  activerecord (4.1.6) lib/active_record/connection_adapters/abstract/connection_pool.rb:621:in `call'
  activerecord (4.1.6) lib/active_record/migration.rb:380:in `call'
  actionpack (4.1.6) lib/action_dispatch/middleware/callbacks.rb:29:in `block in call'
  activesupport (4.1.6) lib/active_support/callbacks.rb:82:in `run_callbacks'
  actionpack (4.1.6) lib/action_dispatch/middleware/callbacks.rb:27:in `call'
  actionpack (4.1.6) lib/action_dispatch/middleware/reloader.rb:73:in `call'
  actionpack (4.1.6) lib/action_dispatch/middleware/remote_ip.rb:76:in `call'
  actionpack (4.1.6) lib/action_dispatch/middleware/debug_exceptions.rb:17:in `call'
  actionpack (4.1.6) lib/action_dispatch/middleware/show_exceptions.rb:30:in `call'
  railties (4.1.6) lib/rails/rack/logger.rb:38:in `call_app'
  railties (4.1.6) lib/rails/rack/logger.rb:20:in `block in call'
  activesupport (4.1.6) lib/active_support/tagged_logging.rb:68:in `block in tagged'
  activesupport (4.1.6) lib/active_support/tagged_logging.rb:26:in `tagged'
  activesupport (4.1.6) lib/active_support/tagged_logging.rb:68:in `tagged'
  railties (4.1.6) lib/rails/rack/logger.rb:20:in `call'
  actionpack (4.1.6) lib/action_dispatch/middleware/request_id.rb:21:in `call'
  rack (1.5.2) lib/rack/methodoverride.rb:21:in `call'
  rack (1.5.2) lib/rack/runtime.rb:17:in `call'
  activesupport (4.1.6) lib/active_support/cache/strategy/local_cache_middleware.rb:26:in `call'
  rack (1.5.2) lib/rack/lock.rb:17:in `call'
  actionpack (4.1.6) lib/action_dispatch/middleware/static.rb:64:in `call'
  rack (1.5.2) lib/rack/sendfile.rb:112:in `call'
  railties (4.1.6) lib/rails/engine.rb:514:in `call'
  railties (4.1.6) lib/rails/application.rb:144:in `call'
  rack (1.5.2) lib/rack/builder.rb:138:in `call'
  rack (1.5.2) lib/rack/urlmap.rb:65:in `block in call'
  rack (1.5.2) lib/rack/urlmap.rb:50:in `each'
  rack (1.5.2) lib/rack/urlmap.rb:50:in `call'
  rack-test (0.6.2) lib/rack/mock_session.rb:30:in `request'
  rack-test (0.6.2) lib/rack/test.rb:230:in `process_request'
  rack-test (0.6.2) lib/rack/test.rb:93:in `delete'
  /Users/ck/.rbenv/versions/2.1.3/lib/ruby/2.1.0/forwardable.rb:183:in `delete'
  capybara (2.4.4) lib/capybara/rack_test/browser.rb:60:in `process'
  capybara (2.4.4) lib/capybara/rack_test/browser.rb:35:in `process_and_follow_redirects'
  capybara (2.4.4) lib/capybara/rack_test/browser.rb:31:in `follow'
  capybara (2.4.4) lib/capybara/rack_test/node.rb:56:in `click'
  capybara (2.4.4) lib/capybara/node/element.rb:133:in `block in click'
  capybara (2.4.4) lib/capybara/node/base.rb:84:in `synchronize'
  capybara (2.4.4) lib/capybara/node/element.rb:133:in `click'
  capybara (2.4.4) lib/capybara/node/actions.rb:27:in `click_link'
  capybara (2.4.4) lib/capybara/session.rb:676:in `block (2 levels) in <class:Session>'
  capybara (2.4.4) lib/capybara/dsl.rb:51:in `block (2 levels) in <module:DSL>'
  spec/features/user_completes_task_spec.rb:10:in `block (2 levels) in <top (required)>'
  rspec-core (3.1.7) lib/rspec/core/example.rb:152:in `instance_exec'
  rspec-core (3.1.7) lib/rspec/core/example.rb:152:in `block in run'
  rspec-core (3.1.7) lib/rspec/core/example.rb:222:in `call'
  rspec-core (3.1.7) lib/rspec/core/example.rb:222:in `call'
  rspec-rails (3.1.0) lib/rspec/rails/adapters.rb:72:in `block (2 levels) in <module:MinitestLifecycleAdapter>'
  rspec-core (3.1.7) lib/rspec/core/example.rb:322:in `instance_exec'
  rspec-core (3.1.7) lib/rspec/core/example.rb:322:in `instance_exec'
  rspec-core (3.1.7) lib/rspec/core/hooks.rb:380:in `execute_with'
  rspec-core (3.1.7) lib/rspec/core/hooks.rb:446:in `block (2 levels) in run'
  rspec-core (3.1.7) lib/rspec/core/example.rb:222:in `call'
  rspec-core (3.1.7) lib/rspec/core/example.rb:222:in `call'
  rspec-core (3.1.7) lib/rspec/core/hooks.rb:447:in `run'
  rspec-core (3.1.7) lib/rspec/core/hooks.rb:500:in `run'
  rspec-core (3.1.7) lib/rspec/core/example.rb:331:in `with_around_example_hooks'
  rspec-core (3.1.7) lib/rspec/core/example.rb:149:in `run'
  rspec-core (3.1.7) lib/rspec/core/example_group.rb:490:in `block in run_examples'
  rspec-core (3.1.7) lib/rspec/core/example_group.rb:486:in `map'
  rspec-core (3.1.7) lib/rspec/core/example_group.rb:486:in `run_examples'
  rspec-core (3.1.7) lib/rspec/core/example_group.rb:453:in `run'
  rspec-core (3.1.7) lib/rspec/core/runner.rb:111:in `block (2 levels) in run_specs'
  rspec-core (3.1.7) lib/rspec/core/runner.rb:111:in `map'
  rspec-core (3.1.7) lib/rspec/core/runner.rb:111:in `block in run_specs'
  rspec-core (3.1.7) lib/rspec/core/reporter.rb:53:in `report'
  rspec-core (3.1.7) lib/rspec/core/runner.rb:107:in `run_specs'
  rspec-core (3.1.7) lib/rspec/core/runner.rb:85:in `run'
  rspec-core (3.1.7) lib/rspec/core/runner.rb:69:in `run'
  rspec-core (3.1.7) lib/rspec/core/runner.rb:37:in `invoke'
  rspec-core (3.1.7) exe/rspec:4:in `<top (required)>'
  /Users/ck/.rbenv/versions/2.1.3/bin/rspec:23:in `load'
  /Users/ck/.rbenv/versions/2.1.3/bin/rspec:23:in `<main>'


  Rendered /Users/ck/.rbenv/versions/2.1.3/lib/ruby/gems/2.1.0/gems/actionpack-4.1.6/lib/action_dispatch/middleware/templates/rescues/_source.erb (0.8ms)
  Rendered /Users/ck/.rbenv/versions/2.1.3/lib/ruby/gems/2.1.0/gems/actionpack-4.1.6/lib/action_dispatch/middleware/templates/rescues/_trace.html.erb (1.5ms)
  Rendered /Users/ck/.rbenv/versions/2.1.3/lib/ruby/gems/2.1.0/gems/actionpack-4.1.6/lib/action_dispatch/middleware/templates/rescues/_request_and_response.html.erb (1.2ms)
  Rendered /Users/ck/.rbenv/versions/2.1.3/lib/ruby/gems/2.1.0/gems/actionpack-4.1.6/lib/action_dispatch/middleware/templates/rescues/diagnostics.erb within rescues/layout (23.0ms)
  [1m[35m (0.2ms)[0m  SELECT @@FOREIGN_KEY_CHECKS
  [1m[36m (0.1ms)[0m  [1mSET FOREIGN_KEY_CHECKS = 0[0m
  [1m[35m (34.9ms)[0m  TRUNCATE TABLE `tasks`;
  [1m[36m (0.2ms)[0m  [1mSET FOREIGN_KEY_CHECKS = 1[0m


Started GET "/" for 127.0.0.1 at 2014-11-30 17:34:19 +0800
  [1m[36mActiveRecord::SchemaMigration Load (0.5ms)[0m  [1mSELECT `schema_migrations`.* FROM `schema_migrations`[0m
Processing by TasksController#index as HTML
  [1m[35mTask Load (0.4ms)[0m  SELECT `tasks`.* FROM `tasks`
  Rendered tasks/index.haml within layouts/application (6.3ms)
Completed 200 OK in 650ms (Views: 597.6ms | ActiveRecord: 0.4ms)


Started GET "/assets/mobile.css?body=1" for 127.0.0.1 at 2014-11-30 17:34:21 +0800


Started GET "/assets/tasks.css?body=1" for 127.0.0.1 at 2014-11-30 17:34:21 +0800


Started GET "/assets/application.css?body=1" for 127.0.0.1 at 2014-11-30 17:34:21 +0800


Started GET "/assets/jquery.mobile.css?body=1" for 127.0.0.1 at 2014-11-30 17:34:21 +0800


Started GET "/assets/jquery.js?body=1" for 127.0.0.1 at 2014-11-30 17:34:21 +0800


Started GET "/assets/turbolinks.js?body=1" for 127.0.0.1 at 2014-11-30 17:34:21 +0800


Started GET "/assets/jquery.mobile.js?body=1" for 127.0.0.1 at 2014-11-30 17:34:21 +0800


Started GET "/assets/jquery_ujs.js?body=1" for 127.0.0.1 at 2014-11-30 17:34:21 +0800


Started GET "/assets/mobile.js?body=1" for 127.0.0.1 at 2014-11-30 17:34:21 +0800


Started GET "/assets/tasks.js?body=1" for 127.0.0.1 at 2014-11-30 17:34:21 +0800


Started GET "/assets/application.js?body=1" for 127.0.0.1 at 2014-11-30 17:34:21 +0800


Started GET "/assets/jquery-mobile/ajax-loader.gif" for 127.0.0.1 at 2014-11-30 17:34:21 +0800


Started GET "/tasks/new" for 127.0.0.1 at 2014-11-30 17:34:26 +0800
Processing by TasksController#new as HTML
  Rendered tasks/_form.haml (75.8ms)
  Rendered tasks/new.haml within layouts/application (131.6ms)
Completed 200 OK in 230ms (Views: 225.7ms | ActiveRecord: 3.1ms)


Started GET "/tasks" for 127.0.0.1 at 2014-11-30 17:34:31 +0800
Processing by TasksController#index as HTML
  [1m[36mTask Load (0.4ms)[0m  [1mSELECT `tasks`.* FROM `tasks`[0m
  Rendered tasks/index.haml within layouts/application (5.2ms)
Completed 200 OK in 101ms (Views: 99.8ms | ActiveRecord: 0.4ms)


Started GET "/" for 127.0.0.1 at 2014-11-30 21:51:49 +0800
  [1m[36mActiveRecord::SchemaMigration Load (0.5ms)[0m  [1mSELECT `schema_migrations`.* FROM `schema_migrations`[0m
Processing by TasksController#index as HTML
  [1m[35mTask Load (0.5ms)[0m  SELECT `tasks`.* FROM `tasks`
  Rendered tasks/index.haml within layouts/application (6.4ms)
Completed 200 OK in 1282ms (Views: 1263.2ms | ActiveRecord: 0.5ms)


Started GET "/assets/tasks.css?body=1" for 127.0.0.1 at 2014-11-30 21:51:51 +0800


Started GET "/assets/mobile.css?body=1" for 127.0.0.1 at 2014-11-30 21:51:51 +0800


Started GET "/assets/jquery.mobile.css?body=1" for 127.0.0.1 at 2014-11-30 21:51:51 +0800


Started GET "/assets/application.css?body=1" for 127.0.0.1 at 2014-11-30 21:51:51 +0800


Started GET "/assets/jquery.js?body=1" for 127.0.0.1 at 2014-11-30 21:51:51 +0800


Started GET "/assets/jquery_ujs.js?body=1" for 127.0.0.1 at 2014-11-30 21:51:51 +0800


Started GET "/assets/jquery.mobile.js?body=1" for 127.0.0.1 at 2014-11-30 21:51:51 +0800


Started GET "/assets/turbolinks.js?body=1" for 127.0.0.1 at 2014-11-30 21:51:51 +0800


Started GET "/assets/mobile.js?body=1" for 127.0.0.1 at 2014-11-30 21:51:51 +0800


Started GET "/assets/tasks.js?body=1" for 127.0.0.1 at 2014-11-30 21:51:51 +0800


Started GET "/assets/application.js?body=1" for 127.0.0.1 at 2014-11-30 21:51:51 +0800


Started GET "/assets/jquery-mobile/ajax-loader.gif" for 127.0.0.1 at 2014-11-30 21:51:51 +0800


Started GET "/tasks/new" for 127.0.0.1 at 2014-11-30 21:51:56 +0800
Processing by TasksController#new as HTML
  Rendered tasks/_form.haml (73.4ms)
  Rendered tasks/new.haml within layouts/application (106.5ms)
Completed 200 OK in 217ms (Views: 212.0ms | ActiveRecord: 3.2ms)


Started POST "/tasks" for 127.0.0.1 at 2014-11-30 21:52:42 +0800
Processing by TasksController#create as HTML
  Parameters: {"utf8"=>"✓", "authenticity_token"=>"XLQCaSoKhnT7Glmoy3sVBlCQnoL13dnNJyXUZKsq7WI=", "task"=>{"content"=>""}, "commit"=>"Create Task"}
  [1m[36m (18.8ms)[0m  [1mBEGIN[0m
  [1m[35m (0.2ms)[0m  ROLLBACK
  Rendered tasks/_form.haml (3.9ms)
  Rendered tasks/new.haml within layouts/application (14.7ms)
Completed 200 OK in 132ms (Views: 110.0ms | ActiveRecord: 19.0ms)


Started GET "/" for 127.0.0.1 at 2014-12-12 16:06:42 +0800
  [1m[36mActiveRecord::SchemaMigration Load (33.5ms)[0m  [1mSELECT `schema_migrations`.* FROM `schema_migrations`[0m
Processing by TasksController#index as HTML
  [1m[35mTask Load (28.9ms)[0m  SELECT `tasks`.* FROM `tasks`
  Rendered tasks/index.haml within layouts/application (48.8ms)
Completed 200 OK in 1958ms (Views: 1866.6ms | ActiveRecord: 28.9ms)


Started GET "/assets/mobile.css?body=1" for 127.0.0.1 at 2014-12-12 16:06:45 +0800


Started GET "/assets/test_view.css?body=1" for 127.0.0.1 at 2014-12-12 16:06:45 +0800


Started GET "/assets/jquery.mobile.css?body=1" for 127.0.0.1 at 2014-12-12 16:06:45 +0800


Started GET "/assets/tasks.css?body=1" for 127.0.0.1 at 2014-12-12 16:06:45 +0800


Started GET "/assets/jquery.js?body=1" for 127.0.0.1 at 2014-12-12 16:06:45 +0800


Started GET "/assets/application.css?body=1" for 127.0.0.1 at 2014-12-12 16:06:45 +0800


Started GET "/assets/jquery_ujs.js?body=1" for 127.0.0.1 at 2014-12-12 16:06:45 +0800


Started GET "/assets/jquery.mobile.js?body=1" for 127.0.0.1 at 2014-12-12 16:06:45 +0800


Started GET "/assets/turbolinks.js?body=1" for 127.0.0.1 at 2014-12-12 16:06:45 +0800


Started GET "/assets/mobile.js?body=1" for 127.0.0.1 at 2014-12-12 16:06:45 +0800


Started GET "/assets/test_view.js?body=1" for 127.0.0.1 at 2014-12-12 16:06:45 +0800


Started GET "/assets/tasks.js?body=1" for 127.0.0.1 at 2014-12-12 16:06:45 +0800


Started GET "/assets/application.js?body=1" for 127.0.0.1 at 2014-12-12 16:06:45 +0800


Started GET "/assets/jquery-mobile/ajax-loader.gif" for 127.0.0.1 at 2014-12-12 16:06:46 +0800


Started GET "/test_view/testMap" for 127.0.0.1 at 2014-12-12 16:07:21 +0800

ActionController::RoutingError (No route matches [GET] "/test_view/testMap"):
  actionpack (4.1.6) lib/action_dispatch/middleware/debug_exceptions.rb:21:in `call'
  actionpack (4.1.6) lib/action_dispatch/middleware/show_exceptions.rb:30:in `call'
  railties (4.1.6) lib/rails/rack/logger.rb:38:in `call_app'
  railties (4.1.6) lib/rails/rack/logger.rb:20:in `block in call'
  activesupport (4.1.6) lib/active_support/tagged_logging.rb:68:in `block in tagged'
  activesupport (4.1.6) lib/active_support/tagged_logging.rb:26:in `tagged'
  activesupport (4.1.6) lib/active_support/tagged_logging.rb:68:in `tagged'
  railties (4.1.6) lib/rails/rack/logger.rb:20:in `call'
  actionpack (4.1.6) lib/action_dispatch/middleware/request_id.rb:21:in `call'
  rack (1.5.2) lib/rack/methodoverride.rb:21:in `call'
  rack (1.5.2) lib/rack/runtime.rb:17:in `call'
  activesupport (4.1.6) lib/active_support/cache/strategy/local_cache_middleware.rb:26:in `call'
  rack (1.5.2) lib/rack/lock.rb:17:in `call'
  actionpack (4.1.6) lib/action_dispatch/middleware/static.rb:64:in `call'
  rack (1.5.2) lib/rack/sendfile.rb:112:in `call'
  railties (4.1.6) lib/rails/engine.rb:514:in `call'
  railties (4.1.6) lib/rails/application.rb:144:in `call'
  rack (1.5.2) lib/rack/lock.rb:17:in `call'
  rack (1.5.2) lib/rack/content_length.rb:14:in `call'
  rack (1.5.2) lib/rack/handler/webrick.rb:60:in `service'
  /Users/ck/.rbenv/versions/2.1.3/lib/ruby/2.1.0/webrick/httpserver.rb:138:in `service'
  /Users/ck/.rbenv/versions/2.1.3/lib/ruby/2.1.0/webrick/httpserver.rb:94:in `run'
  /Users/ck/.rbenv/versions/2.1.3/lib/ruby/2.1.0/webrick/server.rb:295:in `block in start_thread'


  Rendered /Users/ck/.rbenv/versions/2.1.3/lib/ruby/gems/2.1.0/gems/actionpack-4.1.6/lib/action_dispatch/middleware/templates/rescues/_trace.html.erb (2.1ms)
  Rendered /Users/ck/.rbenv/versions/2.1.3/lib/ruby/gems/2.1.0/gems/actionpack-4.1.6/lib/action_dispatch/middleware/templates/routes/_route.html.erb (2.7ms)
  Rendered /Users/ck/.rbenv/versions/2.1.3/lib/ruby/gems/2.1.0/gems/actionpack-4.1.6/lib/action_dispatch/middleware/templates/routes/_table.html.erb (3.8ms)
  Rendered /Users/ck/.rbenv/versions/2.1.3/lib/ruby/gems/2.1.0/gems/actionpack-4.1.6/lib/action_dispatch/middleware/templates/rescues/routing_error.html.erb within rescues/layout (66.1ms)


Started GET "/test_view/testMap" for 127.0.0.1 at 2014-12-12 16:07:39 +0800
Processing by TestViewController#testMap as HTML
  Rendered test_view/testMap.html.haml within layouts/application (1.1ms)
Completed 200 OK in 108ms (Views: 107.3ms | ActiveRecord: 0.0ms)


Started GET "/assets/mobile.css?body=1" for 127.0.0.1 at 2014-12-12 16:07:39 +0800


Started GET "/assets/jquery.js?body=1" for 127.0.0.1 at 2014-12-12 16:07:39 +0800


Started GET "/assets/test_view.css?body=1" for 127.0.0.1 at 2014-12-12 16:07:39 +0800


Started GET "/assets/application.css?body=1" for 127.0.0.1 at 2014-12-12 16:07:39 +0800


Started GET "/assets/jquery.mobile.css?body=1" for 127.0.0.1 at 2014-12-12 16:07:39 +0800


Started GET "/assets/tasks.css?body=1" for 127.0.0.1 at 2014-12-12 16:07:39 +0800


Started GET "/assets/jquery_ujs.js?body=1" for 127.0.0.1 at 2014-12-12 16:07:39 +0800


Started GET "/assets/jquery.mobile.js?body=1" for 127.0.0.1 at 2014-12-12 16:07:39 +0800


Started GET "/assets/turbolinks.js?body=1" for 127.0.0.1 at 2014-12-12 16:07:39 +0800


Started GET "/assets/mobile.js?body=1" for 127.0.0.1 at 2014-12-12 16:07:39 +0800


Started GET "/assets/tasks.js?body=1" for 127.0.0.1 at 2014-12-12 16:07:39 +0800


Started GET "/assets/test_view.js?body=1" for 127.0.0.1 at 2014-12-12 16:07:39 +0800


Started GET "/assets/application.js?body=1" for 127.0.0.1 at 2014-12-12 16:07:39 +0800


Started GET "/assets/jquery.mobile.js?body=1" for 127.0.0.1 at 2014-12-12 16:07:40 +0800


Started GET "/assets/jquery-mobile/ajax-loader.gif" for 127.0.0.1 at 2014-12-12 16:07:40 +0800
